Epoch:    1 Error:  28.71653, train_ok:   0/204, test_ok:   0/52
Epoch:    2 Error:  27.15297, train_ok:   0/204, test_ok:   0/52
Epoch:    3 Error:  27.99677, train_ok:   0/204, test_ok:   0/52
Epoch:    4 Error:  25.54725, train_ok:   0/204, test_ok:   0/52
Epoch:    5 Error:  25.65567, train_ok:   0/204, test_ok:   0/52
Epoch:    6 Error:  25.47378, train_ok:   0/204, test_ok:   0/52
Epoch:    7 Error:  26.90476, train_ok:   0/204, test_ok:   0/52
Epoch:    8 Error:  25.35569, train_ok:   0/204, test_ok:   0/52
Epoch:    9 Error:  26.09872, train_ok:   0/204, test_ok:   0/52
Epoch:   10 Error:  25.40375, train_ok:   0/204, test_ok:   0/52
Epoch:   11 Error:  26.93306, train_ok:   0/204, test_ok:   0/52
Epoch:   12 Error:  25.42605, train_ok:   0/204, test_ok:   0/52
Epoch:   13 Error:  25.54698, train_ok:   0/204, test_ok:   0/52
Epoch:   14 Error:  26.92297, train_ok:   0/204, test_ok:   0/52
Epoch:   15 Error:  25.36692, train_ok:   0/204, test_ok:   0/52
Epoch:   16 Error:  25.88958, train_ok:   0/204, test_ok:   0/52
Epoch:   17 Error:  25.29885, train_ok:   0/204, test_ok:   0/52
Epoch:   18 Error:  25.85012, train_ok:   0/204, test_ok:   0/52
Epoch:   19 Error:  25.66999, train_ok:   0/204, test_ok:   0/52
Epoch:   20 Error:  26.52495, train_ok:   0/204, test_ok:   0/52
Epoch:   21 Error:  25.35303, train_ok:   0/204, test_ok:   0/52
Epoch:   22 Error:  27.94696, train_ok:   0/204, test_ok:   0/52
Epoch:   23 Error:  28.73302, train_ok:   0/204, test_ok:   0/52
Epoch:   24 Error:  27.36060, train_ok:   0/204, test_ok:   0/52
Epoch:   25 Error:  25.20752, train_ok:   0/204, test_ok:   0/52
Epoch:   26 Error:  25.22403, train_ok:   0/204, test_ok:   0/52
Epoch:   27 Error:  25.18557, train_ok:   0/204, test_ok:   0/52
Epoch:   28 Error:  25.40458, train_ok:   0/204, test_ok:   0/52
Epoch:   29 Error:  25.24427, train_ok:   0/204, test_ok:   0/52
Epoch:   30 Error:  25.40546, train_ok:   0/204, test_ok:   0/52
Epoch:   31 Error:  26.17510, train_ok:   0/204, test_ok:   0/52
Epoch:   32 Error:  25.48824, train_ok:   0/204, test_ok:   0/52
Epoch:   33 Error:  27.13558, train_ok:   0/204, test_ok:   0/52
Epoch:   34 Error:  25.76294, train_ok:   0/204, test_ok:   0/52
Epoch:   35 Error:  25.15355, train_ok:   0/204, test_ok:   0/52
Epoch:   36 Error:  25.25676, train_ok:   0/204, test_ok:   0/52
Epoch:   37 Error:  27.42459, train_ok:   0/204, test_ok:   0/52
Epoch:   38 Error:  25.60546, train_ok:   0/204, test_ok:   0/52
Epoch:   39 Error:  25.11584, train_ok:   0/204, test_ok:   0/52
Epoch:   40 Error:  25.23365, train_ok:   0/204, test_ok:   0/52
Epoch:   41 Error:  27.61438, train_ok:   0/204, test_ok:   0/52
Epoch:   42 Error:  25.12696, train_ok:   0/204, test_ok:   0/52
Epoch:   43 Error:  28.51919, train_ok:   0/204, test_ok:   0/52
Epoch:   44 Error:  27.59821, train_ok:   0/204, test_ok:   0/52
Epoch:   45 Error:  25.57304, train_ok:   0/204, test_ok:   0/52
Epoch:   46 Error:  26.01591, train_ok:   0/204, test_ok:   0/52
Epoch:   47 Error:  26.99381, train_ok:   0/204, test_ok:   0/52
Epoch:   48 Error:  27.38008, train_ok:   0/204, test_ok:   0/52
Epoch:   49 Error:  27.53662, train_ok:   0/204, test_ok:   0/52
Epoch:   50 Error:  26.01895, train_ok:   0/204, test_ok:   0/52
Epoch:   51 Error:  25.03481, train_ok:   0/204, test_ok:   0/52
Epoch:   52 Error:  26.82395, train_ok:   0/204, test_ok:   0/52
Epoch:   53 Error:  25.23154, train_ok:   0/204, test_ok:   0/52
Epoch:   54 Error:  28.29594, train_ok:   0/204, test_ok:   0/52
Epoch:   55 Error:  25.16426, train_ok:   0/204, test_ok:   0/52
Epoch:   56 Error:  25.02264, train_ok:   0/204, test_ok:   0/52
Epoch:   57 Error:  25.01677, train_ok:   0/204, test_ok:   0/52
Epoch:   58 Error:  26.07851, train_ok:   0/204, test_ok:   0/52
Epoch:   59 Error:  25.06434, train_ok:   0/204, test_ok:   0/52
Epoch:   60 Error:  26.72328, train_ok:   0/204, test_ok:   0/52
Epoch:   61 Error:  25.63520, train_ok:   0/204, test_ok:   0/52
Epoch:   62 Error:  30.81952, train_ok:   0/204, test_ok:   0/52
Epoch:   63 Error:  24.85701, train_ok:   0/204, test_ok:   0/52
Epoch:   64 Error:  26.03271, train_ok:   0/204, test_ok:   0/52
Epoch:   65 Error:  25.13796, train_ok:   0/204, test_ok:   0/52
Epoch:   66 Error:  24.89540, train_ok:   0/204, test_ok:   0/52
Epoch:   67 Error:  24.79579, train_ok:   0/204, test_ok:   0/52
Epoch:   68 Error:  25.21512, train_ok:   0/204, test_ok:   0/52
Epoch:   69 Error:  25.54374, train_ok:   0/204, test_ok:   0/52
Epoch:   70 Error:  25.09283, train_ok:   0/204, test_ok:   0/52
Epoch:   71 Error:  24.70007, train_ok:   0/204, test_ok:   0/52
Epoch:   72 Error:  26.47462, train_ok:   0/204, test_ok:   0/52
Epoch:   73 Error:  24.97814, train_ok:   0/204, test_ok:   0/52
Epoch:   74 Error:  24.99376, train_ok:   1/204, test_ok:   0/52
Epoch:   75 Error:  25.17600, train_ok:   0/204, test_ok:   0/52
Epoch:   76 Error:  25.03763, train_ok:   0/204, test_ok:   0/52
Epoch:   77 Error:  25.98462, train_ok:   1/204, test_ok:   0/52
Epoch:   78 Error:  24.93805, train_ok:   1/204, test_ok:   0/52
Epoch:   79 Error:  24.56301, train_ok:   0/204, test_ok:   0/52
Epoch:   80 Error:  24.98579, train_ok:   0/204, test_ok:   0/52
Epoch:   81 Error:  24.48874, train_ok:   0/204, test_ok:   0/52
Epoch:   82 Error:  24.55272, train_ok:   0/204, test_ok:   0/52
Epoch:   83 Error:  26.10251, train_ok:   0/204, test_ok:   0/52
Epoch:   84 Error:  31.26675, train_ok:   0/204, test_ok:   0/52
Epoch:   85 Error:  24.57481, train_ok:   0/204, test_ok:   0/52
Epoch:   86 Error:  25.01014, train_ok:   0/204, test_ok:   0/52
Epoch:   87 Error:  26.18706, train_ok:   1/204, test_ok:   0/52
Epoch:   88 Error:  23.88760, train_ok:   0/204, test_ok:   0/52
Epoch:   89 Error:  23.99888, train_ok:   0/204, test_ok:   0/52
Epoch:   90 Error:  23.74937, train_ok:   0/204, test_ok:   0/52
Epoch:   91 Error:  23.57315, train_ok:   0/204, test_ok:   0/52
Epoch:   92 Error:  25.47746, train_ok:   0/204, test_ok:   0/52
Epoch:   93 Error:  23.57752, train_ok:   1/204, test_ok:   0/52
Epoch:   94 Error:  23.27401, train_ok:   0/204, test_ok:   0/52
Epoch:   95 Error:  23.50526, train_ok:   0/204, test_ok:   0/52
Epoch:   96 Error:  23.57857, train_ok:   2/204, test_ok:   0/52
Epoch:   97 Error:  22.61092, train_ok:   2/204, test_ok:   0/52
Epoch:   98 Error:  23.00220, train_ok:   0/204, test_ok:   0/52
Epoch:   99 Error:  23.88675, train_ok:  14/204, test_ok:   0/52
Epoch:  100 Error:  22.77320, train_ok:   0/204, test_ok:   0/52
Epoch:  101 Error:  21.69975, train_ok:   8/204, test_ok:   0/52
Epoch:  102 Error:  21.58274, train_ok:   2/204, test_ok:   0/52
Epoch:  103 Error:  21.20889, train_ok:   2/204, test_ok:   0/52
Epoch:  104 Error:  21.52802, train_ok:  13/204, test_ok:   3/52
Epoch:  105 Error:  22.69495, train_ok:   2/204, test_ok:   0/52
Epoch:  106 Error:  22.70770, train_ok:  26/204, test_ok:   3/52
Epoch:  107 Error:  20.98844, train_ok:  21/204, test_ok:   0/52
Epoch:  108 Error:  21.10951, train_ok:  24/204, test_ok:   1/52
Epoch:  109 Error:  24.05139, train_ok:  28/204, test_ok:   3/52
Epoch:  110 Error:  21.09949, train_ok:  26/204, test_ok:   4/52
Epoch:  111 Error:  19.95743, train_ok:  14/204, test_ok:   0/52
Epoch:  112 Error:  19.67957, train_ok:  16/204, test_ok:   0/52
Epoch:  113 Error:  19.33236, train_ok:  25/204, test_ok:   1/52
Epoch:  114 Error:  19.36784, train_ok:  33/204, test_ok:   5/52
Epoch:  115 Error:  19.07367, train_ok:  36/204, test_ok:   5/52
Epoch:  116 Error:  16.72826, train_ok:  33/204, test_ok:   4/52
Epoch:  117 Error:  18.33269, train_ok:  45/204, test_ok:  10/52
Epoch:  118 Error:  16.22715, train_ok:  54/204, test_ok:  10/52
Epoch:  119 Error:  16.36986, train_ok:  70/204, test_ok:  11/52
Epoch:  120 Error:  16.47260, train_ok:  67/204, test_ok:  13/52
Epoch:  121 Error:  17.16717, train_ok:  62/204, test_ok:  14/52
Epoch:  122 Error:  17.58893, train_ok:  78/204, test_ok:  13/52
Epoch:  123 Error:  22.66513, train_ok:  71/204, test_ok:   9/52
Epoch:  124 Error:  16.24227, train_ok:  76/204, test_ok:  13/52
Epoch:  125 Error:  14.37358, train_ok:  69/204, test_ok:  11/52
Epoch:  126 Error:  11.91114, train_ok:  52/204, test_ok:  13/52
Epoch:  127 Error:  10.90531, train_ok:  51/204, test_ok:  12/52
Epoch:  128 Error:   9.74506, train_ok:  59/204, test_ok:  13/52
Epoch:  129 Error:   9.53492, train_ok:  71/204, test_ok:  15/52
Epoch:  130 Error:  10.90292, train_ok:  87/204, test_ok:  11/52
Epoch:  131 Error:   9.19350, train_ok:  96/204, test_ok:  19/52
Epoch:  132 Error:   8.97812, train_ok: 114/204, test_ok:  20/52
Epoch:  133 Error:   9.14417, train_ok: 107/204, test_ok:  18/52
Epoch:  134 Error:   8.98730, train_ok: 100/204, test_ok:  16/52
Epoch:  135 Error:   8.86324, train_ok: 114/204, test_ok:  19/52
Epoch:  136 Error:   8.84216, train_ok: 113/204, test_ok:  20/52
Epoch:  137 Error:   8.76952, train_ok: 121/204, test_ok:  18/52
Epoch:  138 Error:   8.79783, train_ok: 125/204, test_ok:  20/52
Epoch:  139 Error:   8.57981, train_ok: 117/204, test_ok:  21/52
Epoch:  140 Error:   9.29182, train_ok:  94/204, test_ok:  14/52
Epoch:  141 Error:   8.73915, train_ok: 154/204, test_ok:  28/52
Epoch:  142 Error:   8.77046, train_ok: 160/204, test_ok:  28/52
Epoch:  143 Error:   8.75048, train_ok: 162/204, test_ok:  29/52
Epoch:  144 Error:   8.81408, train_ok: 165/204, test_ok:  29/52
Epoch:  145 Error:   8.40073, train_ok: 122/204, test_ok:  21/52
Epoch:  146 Error:   8.52006, train_ok: 128/204, test_ok:  21/52
Epoch:  147 Error:   8.60382, train_ok: 159/204, test_ok:  28/52
Epoch:  148 Error:   8.48902, train_ok: 128/204, test_ok:  21/52
Epoch:  149 Error:   8.50008, train_ok: 156/204, test_ok:  28/52
Epoch:  150 Error:   8.86087, train_ok: 181/204, test_ok:  35/52
Epoch:  151 Error:   8.32411, train_ok: 119/204, test_ok:  20/52
Epoch:  152 Error:   8.57648, train_ok: 163/204, test_ok:  29/52
Epoch:  153 Error:   8.41035, train_ok: 128/204, test_ok:  21/52
Epoch:  154 Error:   8.33041, train_ok: 128/204, test_ok:  21/52
Epoch:  155 Error:   8.28537, train_ok: 128/204, test_ok:  21/52
Epoch:  156 Error:   8.33127, train_ok: 119/204, test_ok:  20/52
Epoch:  157 Error:   8.48990, train_ok: 159/204, test_ok:  28/52
Epoch:  158 Error:   8.36612, train_ok: 128/204, test_ok:  21/52
Epoch:  159 Error:   8.71403, train_ok: 165/204, test_ok:  29/52
Epoch:  160 Error:   8.60409, train_ok: 165/204, test_ok:  29/52
Epoch:  161 Error:   8.43481, train_ok: 153/204, test_ok:  27/52
Epoch:  162 Error:   8.54591, train_ok: 165/204, test_ok:  28/52
Epoch:  163 Error:   8.24251, train_ok: 129/204, test_ok:  21/52
Epoch:  164 Error:   8.51922, train_ok: 163/204, test_ok:  28/52
Epoch:  165 Error:   8.34090, train_ok: 147/204, test_ok:  24/52
Epoch:  166 Error:   8.28790, train_ok: 118/204, test_ok:  20/52
Epoch:  167 Error:  14.31038, train_ok:  88/204, test_ok:  13/52
Epoch:  168 Error:   8.37849, train_ok: 154/204, test_ok:  26/52
Epoch:  169 Error:   8.09602, train_ok: 144/204, test_ok:  22/52
Epoch:  170 Error:   8.18886, train_ok: 163/204, test_ok:  26/52
Epoch:  171 Error:   8.18315, train_ok: 162/204, test_ok:  26/52
Epoch:  172 Error:   7.91565, train_ok: 118/204, test_ok:  21/52
Epoch:  173 Error:   7.77889, train_ok: 122/204, test_ok:  19/52
Epoch:  174 Error:   8.40107, train_ok: 164/204, test_ok:  30/52
Epoch:  175 Error:  12.16508, train_ok: 100/204, test_ok:  14/52
Epoch:  176 Error:   7.64463, train_ok: 144/204, test_ok:  24/52
Epoch:  177 Error:   7.30225, train_ok: 136/204, test_ok:  23/52
Epoch:  178 Error:   7.43281, train_ok: 136/204, test_ok:  22/52
Epoch:  179 Error:   7.25275, train_ok: 159/204, test_ok:  25/52
Epoch:  180 Error:   8.85730, train_ok: 119/204, test_ok:  18/52
Epoch:  181 Error:   6.28597, train_ok: 154/204, test_ok:  24/52
Epoch:  182 Error:   6.33372, train_ok: 165/204, test_ok:  27/52
Epoch:  183 Error:   6.90675, train_ok: 171/204, test_ok:  31/52
Epoch:  184 Error:   5.76339, train_ok: 164/204, test_ok:  29/52
Epoch:  185 Error:   6.04820, train_ok: 118/204, test_ok:  18/52
Epoch:  186 Error:   4.41530, train_ok: 136/204, test_ok:  20/52
Epoch:  187 Error:   4.61589, train_ok: 144/204, test_ok:  21/52
Epoch:  188 Error:   4.16620, train_ok: 150/204, test_ok:  24/52
Epoch:  189 Error:   3.70217, train_ok: 164/204, test_ok:  30/52
Epoch:  190 Error:   3.52853, train_ok: 162/204, test_ok:  30/52
Epoch:  191 Error:   3.44310, train_ok: 161/204, test_ok:  27/52
Epoch:  192 Error:   3.37699, train_ok: 151/204, test_ok:  29/52
Epoch:  193 Error:   3.20883, train_ok: 158/204, test_ok:  30/52
Epoch:  194 Error:   3.13183, train_ok: 169/204, test_ok:  31/52
Epoch:  195 Error:   3.07363, train_ok: 165/204, test_ok:  32/52
Epoch:  196 Error:   3.21795, train_ok: 156/204, test_ok:  31/52
Epoch:  197 Error:   2.93173, train_ok: 173/204, test_ok:  33/52
Epoch:  198 Error:   2.86478, train_ok: 168/204, test_ok:  33/52
Epoch:  199 Error:   3.00975, train_ok: 156/204, test_ok:  29/52
Epoch:  200 Error:   2.80640, train_ok: 173/204, test_ok:  32/52
Epoch:  201 Error:   2.82932, train_ok: 165/204, test_ok:  34/52
Epoch:  202 Error:   2.78772, train_ok: 159/204, test_ok:  29/52
Epoch:  203 Error:   2.70366, train_ok: 172/204, test_ok:  34/52
Epoch:  204 Error:   2.98570, train_ok: 153/204, test_ok:  32/52
Epoch:  205 Error:   2.63510, train_ok: 174/204, test_ok:  32/52
Epoch:  206 Error:   2.56473, train_ok: 170/204, test_ok:  33/52
Epoch:  207 Error:   2.58503, train_ok: 173/204, test_ok:  32/52
Epoch:  208 Error:   2.62052, train_ok: 161/204, test_ok:  31/52
Epoch:  209 Error:   2.49555, train_ok: 168/204, test_ok:  33/52
Epoch:  210 Error:   2.50802, train_ok: 160/204, test_ok:  32/52
Epoch:  211 Error:   2.74645, train_ok: 155/204, test_ok:  32/52
Epoch:  212 Error:   2.31994, train_ok: 176/204, test_ok:  34/52
Epoch:  213 Error:   2.70165, train_ok: 170/204, test_ok:  32/52
Epoch:  214 Error:   2.23947, train_ok: 177/204, test_ok:  35/52
Epoch:  215 Error:   2.29827, train_ok: 175/204, test_ok:  31/52
Epoch:  216 Error:   2.30326, train_ok: 176/204, test_ok:  32/52
Epoch:  217 Error:   2.20265, train_ok: 180/204, test_ok:  34/52
Epoch:  218 Error:   2.19667, train_ok: 178/204, test_ok:  33/52
Epoch:  219 Error:   2.07263, train_ok: 181/204, test_ok:  34/52
Epoch:  220 Error:   2.10974, train_ok: 179/204, test_ok:  32/52
Epoch:  221 Error:   2.00241, train_ok: 181/204, test_ok:  34/52
Epoch:  222 Error:   2.04125, train_ok: 182/204, test_ok:  32/52
Epoch:  223 Error:   1.99387, train_ok: 183/204, test_ok:  34/52
Epoch:  224 Error:   2.05438, train_ok: 179/204, test_ok:  36/52
Epoch:  225 Error:   1.96490, train_ok: 185/204, test_ok:  34/52
Epoch:  226 Error:   1.96341, train_ok: 181/204, test_ok:  35/52
Epoch:  227 Error:   1.92594, train_ok: 179/204, test_ok:  33/52
Epoch:  228 Error:   1.90021, train_ok: 186/204, test_ok:  34/52
Epoch:  229 Error:   1.97662, train_ok: 178/204, test_ok:  35/52
Epoch:  230 Error:   1.90070, train_ok: 178/204, test_ok:  38/52
Epoch:  231 Error:   1.81700, train_ok: 176/204, test_ok:  31/52
Epoch:  232 Error:   1.82677, train_ok: 187/204, test_ok:  34/52
Epoch:  233 Error:   1.94986, train_ok: 186/204, test_ok:  31/52
Epoch:  234 Error:   1.85603, train_ok: 190/204, test_ok:  33/52
Epoch:  235 Error:   1.82687, train_ok: 191/204, test_ok:  34/52
Epoch:  236 Error:   1.79595, train_ok: 185/204, test_ok:  32/52
Epoch:  237 Error:   1.74258, train_ok: 187/204, test_ok:  35/52
Epoch:  238 Error:   1.72767, train_ok: 188/204, test_ok:  33/52
Epoch:  239 Error:   1.78688, train_ok: 189/204, test_ok:  34/52
Epoch:  240 Error:   1.88926, train_ok: 185/204, test_ok:  31/52
Epoch:  241 Error:   1.70785, train_ok: 189/204, test_ok:  32/52
Epoch:  242 Error:   1.60737, train_ok: 181/204, test_ok:  32/52
Epoch:  243 Error:   1.60757, train_ok: 190/204, test_ok:  33/52
Epoch:  244 Error:   1.51590, train_ok: 185/204, test_ok:  31/52
Epoch:  245 Error:   1.55061, train_ok: 190/204, test_ok:  30/52
Epoch:  246 Error:   1.43370, train_ok: 188/204, test_ok:  34/52
Epoch:  247 Error:   1.41695, train_ok: 189/204, test_ok:  31/52
Epoch:  248 Error:   1.26908, train_ok: 185/204, test_ok:  32/52
Epoch:  249 Error:   1.19673, train_ok: 183/204, test_ok:  31/52
Epoch:  250 Error:   1.25579, train_ok: 189/204, test_ok:  31/52
Epoch:  251 Error:   1.31674, train_ok: 192/204, test_ok:  31/52
Epoch:  252 Error:   1.04933, train_ok: 183/204, test_ok:  31/52
Epoch:  253 Error:   1.28267, train_ok: 185/204, test_ok:  31/52
Epoch:  254 Error:   1.08619, train_ok: 178/204, test_ok:  31/52
Epoch:  255 Error:   0.94114, train_ok: 182/204, test_ok:  30/52
Epoch:  256 Error:   1.19424, train_ok: 180/204, test_ok:  31/52
Epoch:  257 Error:   1.20059, train_ok: 172/204, test_ok:  31/52
Epoch:  258 Error:   0.88995, train_ok: 183/204, test_ok:  31/52
Epoch:  259 Error:   0.88362, train_ok: 181/204, test_ok:  32/52
Epoch:  260 Error:   0.87398, train_ok: 187/204, test_ok:  32/52
Epoch:  261 Error:   0.82224, train_ok: 182/204, test_ok:  32/52
Epoch:  262 Error:   0.80924, train_ok: 185/204, test_ok:  31/52
Epoch:  263 Error:   0.83661, train_ok: 185/204, test_ok:  34/52
Epoch:  264 Error:   0.82671, train_ok: 188/204, test_ok:  34/52
Epoch:  265 Error:   0.78605, train_ok: 182/204, test_ok:  32/52
Epoch:  266 Error:   0.76425, train_ok: 197/204, test_ok:  32/52
Epoch:  267 Error:   0.73205, train_ok: 193/204, test_ok:  33/52
Epoch:  268 Error:   0.82256, train_ok: 190/204, test_ok:  31/52
Epoch:  269 Error:   0.71667, train_ok: 190/204, test_ok:  34/52
Epoch:  270 Error:   0.79459, train_ok: 179/204, test_ok:  31/52
Epoch:  271 Error:   0.70791, train_ok: 185/204, test_ok:  32/52
Epoch:  272 Error:   0.69510, train_ok: 185/204, test_ok:  32/52
Epoch:  273 Error:   0.75755, train_ok: 180/204, test_ok:  32/52
Epoch:  274 Error:   0.72622, train_ok: 188/204, test_ok:  34/52
Epoch:  275 Error:   0.67003, train_ok: 199/204, test_ok:  35/52
Epoch:  276 Error:   0.68182, train_ok: 194/204, test_ok:  35/52
Epoch:  277 Error:   0.66518, train_ok: 193/204, test_ok:  32/52
Epoch:  278 Error:   0.67239, train_ok: 192/204, test_ok:  35/52
Epoch:  279 Error:   0.82543, train_ok: 192/204, test_ok:  35/52
Epoch:  280 Error:   0.65919, train_ok: 198/204, test_ok:  34/52
Epoch:  281 Error:   0.64619, train_ok: 197/204, test_ok:  35/52
Epoch:  282 Error:   0.62798, train_ok: 199/204, test_ok:  35/52
Epoch:  283 Error:   0.62778, train_ok: 198/204, test_ok:  35/52
Epoch:  284 Error:   0.69228, train_ok: 182/204, test_ok:  31/52
Epoch:  285 Error:   0.61848, train_ok: 199/204, test_ok:  35/52
Epoch:  286 Error:   0.63931, train_ok: 188/204, test_ok:  31/52
Epoch:  287 Error:   0.62370, train_ok: 197/204, test_ok:  35/52
Epoch:  288 Error:   0.62986, train_ok: 197/204, test_ok:  34/52
Epoch:  289 Error:   0.60655, train_ok: 199/204, test_ok:  35/52
Epoch:  290 Error:   0.60945, train_ok: 197/204, test_ok:  35/52
Epoch:  291 Error:   0.69041, train_ok: 195/204, test_ok:  33/52
Epoch:  292 Error:   0.61489, train_ok: 198/204, test_ok:  35/52
Epoch:  293 Error:   0.63002, train_ok: 197/204, test_ok:  34/52
Epoch:  294 Error:   0.59535, train_ok: 199/204, test_ok:  34/52
Epoch:  295 Error:   0.58800, train_ok: 199/204, test_ok:  34/52
Epoch:  296 Error:   0.60423, train_ok: 197/204, test_ok:  34/52
Epoch:  297 Error:   0.58181, train_ok: 199/204, test_ok:  36/52
Epoch:  298 Error:   0.57310, train_ok: 199/204, test_ok:  35/52
Epoch:  299 Error:   0.56826, train_ok: 199/204, test_ok:  35/52
Epoch:  300 Error:   0.60220, train_ok: 199/204, test_ok:  37/52
Epoch:  301 Error:   0.58665, train_ok: 198/204, test_ok:  34/52
Epoch:  302 Error:   0.56455, train_ok: 199/204, test_ok:  34/52
Epoch:  303 Error:   0.57852, train_ok: 198/204, test_ok:  34/52
Epoch:  304 Error:   0.57315, train_ok: 198/204, test_ok:  34/52
Epoch:  305 Error:   0.55576, train_ok: 199/204, test_ok:  36/52
Epoch:  306 Error:   0.59629, train_ok: 197/204, test_ok:  34/52
Epoch:  307 Error:   0.59166, train_ok: 196/204, test_ok:  34/52
Epoch:  308 Error:   0.58040, train_ok: 199/204, test_ok:  36/52
Epoch:  309 Error:   0.56798, train_ok: 199/204, test_ok:  34/52
Epoch:  310 Error:   0.56997, train_ok: 199/204, test_ok:  34/52
Epoch:  311 Error:   0.54501, train_ok: 199/204, test_ok:  36/52
Epoch:  312 Error:   0.53569, train_ok: 199/204, test_ok:  35/52
Epoch:  313 Error:   0.54565, train_ok: 199/204, test_ok:  35/52
Epoch:  314 Error:   0.53860, train_ok: 199/204, test_ok:  36/52
Epoch:  315 Error:   0.53153, train_ok: 199/204, test_ok:  35/52
Epoch:  316 Error:   0.53873, train_ok: 199/204, test_ok:  37/52
Epoch:  317 Error:   0.55110, train_ok: 199/204, test_ok:  34/52
Epoch:  318 Error:   0.55344, train_ok: 199/204, test_ok:  34/52
Epoch:  319 Error:   0.52011, train_ok: 199/204, test_ok:  36/52
Epoch:  320 Error:   0.51274, train_ok: 199/204, test_ok:  35/52
Epoch:  321 Error:   0.54626, train_ok: 199/204, test_ok:  34/52
Epoch:  322 Error:   0.54717, train_ok: 197/204, test_ok:  36/52
Epoch:  323 Error:   0.50848, train_ok: 199/204, test_ok:  36/52
Epoch:  324 Error:   0.51820, train_ok: 199/204, test_ok:  35/52
Epoch:  325 Error:   0.49598, train_ok: 199/204, test_ok:  36/52
Epoch:  326 Error:   0.50260, train_ok: 199/204, test_ok:  35/52
Epoch:  327 Error:   0.50692, train_ok: 199/204, test_ok:  35/52
Epoch:  328 Error:   0.52038, train_ok: 199/204, test_ok:  35/52
Epoch:  329 Error:   0.52806, train_ok: 196/204, test_ok:  35/52
Epoch:  330 Error:   0.50006, train_ok: 199/204, test_ok:  35/52
Epoch:  331 Error:   0.46980, train_ok: 199/204, test_ok:  37/52
Epoch:  332 Error:   0.51126, train_ok: 197/204, test_ok:  35/52
Epoch:  333 Error:   0.54613, train_ok: 195/204, test_ok:  33/52
Epoch:  334 Error:   0.44843, train_ok: 199/204, test_ok:  36/52
Epoch:  335 Error:   0.45404, train_ok: 199/204, test_ok:  36/52
Epoch:  336 Error:   0.42974, train_ok: 199/204, test_ok:  36/52
Epoch:  337 Error:   0.42578, train_ok: 198/204, test_ok:  37/52
Epoch:  338 Error:   0.43086, train_ok: 199/204, test_ok:  36/52
Epoch:  339 Error:   0.49332, train_ok: 198/204, test_ok:  35/52
Epoch:  340 Error:   0.44172, train_ok: 199/204, test_ok:  37/52
Epoch:  341 Error:   0.41280, train_ok: 199/204, test_ok:  37/52
Epoch:  342 Error:   0.42034, train_ok: 199/204, test_ok:  36/52
Epoch:  343 Error:   0.48556, train_ok: 193/204, test_ok:  36/52
Epoch:  344 Error:   0.37212, train_ok: 197/204, test_ok:  36/52
Epoch:  345 Error:   0.37575, train_ok: 196/204, test_ok:  35/52
Epoch:  346 Error:   0.67471, train_ok: 188/204, test_ok:  34/52
Epoch:  347 Error:   0.30657, train_ok: 199/204, test_ok:  35/52
Epoch:  348 Error:   0.28721, train_ok: 199/204, test_ok:  36/52
Epoch:  349 Error:   0.27228, train_ok: 195/204, test_ok:  37/52
Epoch:  350 Error:   0.29049, train_ok: 197/204, test_ok:  37/52
Epoch:  351 Error:   0.27857, train_ok: 197/204, test_ok:  37/52
Epoch:  352 Error:   0.38654, train_ok: 192/204, test_ok:  34/52
Epoch:  353 Error:   0.49261, train_ok: 190/204, test_ok:  34/52
Epoch:  354 Error:   0.29086, train_ok: 193/204, test_ok:  37/52
Epoch:  355 Error:   0.22719, train_ok: 201/204, test_ok:  37/52
Epoch:  356 Error:   0.33653, train_ok: 194/204, test_ok:  35/52
Epoch:  357 Error:   0.30621, train_ok: 200/204, test_ok:  36/52
Epoch:  358 Error:   0.26580, train_ok: 198/204, test_ok:  35/52
Epoch:  359 Error:   0.21847, train_ok: 197/204, test_ok:  37/52
Epoch:  360 Error:   0.35505, train_ok: 188/204, test_ok:  33/52
Epoch:  361 Error:   0.45903, train_ok: 190/204, test_ok:  34/52
Epoch:  362 Error:   0.29235, train_ok: 196/204, test_ok:  35/52
Epoch:  363 Error:   0.21181, train_ok: 202/204, test_ok:  37/52
Epoch:  364 Error:   0.28038, train_ok: 199/204, test_ok:  34/52
Epoch:  365 Error:   0.22244, train_ok: 200/204, test_ok:  37/52
Epoch:  366 Error:   0.24538, train_ok: 191/204, test_ok:  35/52
Epoch:  367 Error:   0.21294, train_ok: 202/204, test_ok:  37/52
Epoch:  368 Error:   0.20765, train_ok: 202/204, test_ok:  37/52
Epoch:  369 Error:   0.24094, train_ok: 199/204, test_ok:  35/52
Epoch:  370 Error:   0.20010, train_ok: 200/204, test_ok:  36/52
Epoch:  371 Error:   0.18015, train_ok: 202/204, test_ok:  37/52
Epoch:  372 Error:   0.17937, train_ok: 202/204, test_ok:  37/52
Epoch:  373 Error:   0.19781, train_ok: 200/204, test_ok:  37/52
Epoch:  374 Error:   0.17107, train_ok: 201/204, test_ok:  37/52
Epoch:  375 Error:   0.19796, train_ok: 199/204, test_ok:  36/52
Epoch:  376 Error:   0.16578, train_ok: 202/204, test_ok:  38/52
Epoch:  377 Error:   0.21814, train_ok: 200/204, test_ok:  36/52
Epoch:  378 Error:   0.17241, train_ok: 201/204, test_ok:  37/52
Epoch:  379 Error:   0.16308, train_ok: 201/204, test_ok:  37/52
Epoch:  380 Error:   0.19137, train_ok: 200/204, test_ok:  37/52
Epoch:  381 Error:   0.19718, train_ok: 200/204, test_ok:  36/52
Epoch:  382 Error:   0.15553, train_ok: 202/204, test_ok:  37/52
Epoch:  383 Error:   0.18595, train_ok: 200/204, test_ok:  37/52
Epoch:  384 Error:   0.15348, train_ok: 202/204, test_ok:  37/52
Epoch:  385 Error:   0.18683, train_ok: 200/204, test_ok:  37/52
Epoch:  386 Error:   0.16535, train_ok: 200/204, test_ok:  37/52
Epoch:  387 Error:   0.15503, train_ok: 202/204, test_ok:  37/52
Epoch:  388 Error:   0.14756, train_ok: 202/204, test_ok:  36/52
Epoch:  389 Error:   0.14802, train_ok: 201/204, test_ok:  37/52
Epoch:  390 Error:   0.14715, train_ok: 202/204, test_ok:  37/52
Epoch:  391 Error:   0.14474, train_ok: 202/204, test_ok:  36/52
Epoch:  392 Error:   0.14218, train_ok: 202/204, test_ok:  36/52
Epoch:  393 Error:   0.14186, train_ok: 202/204, test_ok:  35/52
Epoch:  394 Error:   0.13447, train_ok: 201/204, test_ok:  37/52
Epoch:  395 Error:   0.14493, train_ok: 202/204, test_ok:  36/52
Epoch:  396 Error:   0.14897, train_ok: 201/204, test_ok:  37/52
Epoch:  397 Error:   0.14105, train_ok: 202/204, test_ok:  35/52
Epoch:  398 Error:   0.15580, train_ok: 201/204, test_ok:  37/52
Epoch:  399 Error:   0.13842, train_ok: 202/204, test_ok:  37/52
Epoch:  400 Error:   0.12986, train_ok: 203/204, test_ok:  37/52
Epoch:  401 Error:   0.13684, train_ok: 203/204, test_ok:  36/52
Epoch:  402 Error:   0.12616, train_ok: 203/204, test_ok:  36/52
Epoch:  403 Error:   0.13354, train_ok: 203/204, test_ok:  35/52
Epoch:  404 Error:   0.12440, train_ok: 203/204, test_ok:  37/52
Epoch:  405 Error:   0.12842, train_ok: 203/204, test_ok:  37/52
Epoch:  406 Error:   0.13280, train_ok: 203/204, test_ok:  35/52
Epoch:  407 Error:   0.12651, train_ok: 203/204, test_ok:  37/52
Epoch:  408 Error:   0.12419, train_ok: 203/204, test_ok:  37/52
Epoch:  409 Error:   0.12778, train_ok: 202/204, test_ok:  37/52
Epoch:  410 Error:   0.12321, train_ok: 203/204, test_ok:  37/52
Epoch:  411 Error:   0.13464, train_ok: 202/204, test_ok:  37/52
Epoch:  412 Error:   0.13311, train_ok: 203/204, test_ok:  37/52
Epoch:  413 Error:   0.12094, train_ok: 203/204, test_ok:  36/52
Epoch:  414 Error:   0.12406, train_ok: 203/204, test_ok:  36/52
Epoch:  415 Error:   0.13166, train_ok: 202/204, test_ok:  37/52
Epoch:  416 Error:   0.11862, train_ok: 203/204, test_ok:  36/52
Epoch:  417 Error:   0.11575, train_ok: 203/204, test_ok:  37/52
Epoch:  418 Error:   0.11425, train_ok: 203/204, test_ok:  37/52
Epoch:  419 Error:   0.11165, train_ok: 203/204, test_ok:  37/52
Epoch:  420 Error:   0.11289, train_ok: 203/204, test_ok:  37/52
Epoch:  421 Error:   0.11267, train_ok: 203/204, test_ok:  37/52
Epoch:  422 Error:   0.11001, train_ok: 203/204, test_ok:  37/52
Epoch:  423 Error:   0.11121, train_ok: 202/204, test_ok:  37/52
Epoch:  424 Error:   0.11140, train_ok: 203/204, test_ok:  37/52
Epoch:  425 Error:   0.11221, train_ok: 203/204, test_ok:  36/52
Epoch:  426 Error:   0.10645, train_ok: 203/204, test_ok:  37/52
Epoch:  427 Error:   0.10584, train_ok: 203/204, test_ok:  37/52
Epoch:  428 Error:   0.10769, train_ok: 203/204, test_ok:  37/52
Epoch:  429 Error:   0.10454, train_ok: 203/204, test_ok:  37/52
Epoch:  430 Error:   0.10733, train_ok: 203/204, test_ok:  36/52
Epoch:  431 Error:   0.10318, train_ok: 203/204, test_ok:  37/52
Epoch:  432 Error:   0.10664, train_ok: 203/204, test_ok:  36/52
Epoch:  433 Error:   0.10332, train_ok: 203/204, test_ok:  37/52
Epoch:  434 Error:   0.10531, train_ok: 203/204, test_ok:  37/52
Epoch:  435 Error:   0.10215, train_ok: 203/204, test_ok:  37/52
Epoch:  436 Error:   0.10010, train_ok: 203/204, test_ok:  37/52
Epoch:  437 Error:   0.10191, train_ok: 203/204, test_ok:  38/52
Epoch:  438 Error:   0.10112, train_ok: 203/204, test_ok:  38/52
Epoch:  439 Error:   0.10108, train_ok: 203/204, test_ok:  38/52
Epoch:  440 Error:   0.10478, train_ok: 202/204, test_ok:  37/52
Epoch:  441 Error:   0.09858, train_ok: 203/204, test_ok:  38/52
