Epoch:    1 Error:  26.34212, train_ok:   0/204, test_ok:   0/52
Epoch:    2 Error:  26.43928, train_ok:   0/204, test_ok:   0/52
Epoch:    3 Error:  26.93725, train_ok:   0/204, test_ok:   0/52
Epoch:    4 Error:  25.60378, train_ok:   0/204, test_ok:   0/52
Epoch:    5 Error:  25.68924, train_ok:   0/204, test_ok:   0/52
Epoch:    6 Error:  25.59767, train_ok:   0/204, test_ok:   0/52
Epoch:    7 Error:  26.72573, train_ok:   0/204, test_ok:   0/52
Epoch:    8 Error:  25.49936, train_ok:   0/204, test_ok:   0/52
Epoch:    9 Error:  26.03023, train_ok:   0/204, test_ok:   0/52
Epoch:   10 Error:  25.54167, train_ok:   0/204, test_ok:   0/52
Epoch:   11 Error:  26.46508, train_ok:   0/204, test_ok:   0/52
Epoch:   12 Error:  25.54761, train_ok:   0/204, test_ok:   0/52
Epoch:   13 Error:  25.65440, train_ok:   0/204, test_ok:   0/52
Epoch:   14 Error:  26.81035, train_ok:   0/204, test_ok:   0/52
Epoch:   15 Error:  25.67965, train_ok:   0/204, test_ok:   0/52
Epoch:   16 Error:  25.88670, train_ok:   0/204, test_ok:   0/52
Epoch:   17 Error:  25.48991, train_ok:   0/204, test_ok:   0/52
Epoch:   18 Error:  25.69313, train_ok:   0/204, test_ok:   0/52
Epoch:   19 Error:  25.85906, train_ok:   0/204, test_ok:   0/52
Epoch:   20 Error:  26.15782, train_ok:   0/204, test_ok:   0/52
Epoch:   21 Error:  25.53416, train_ok:   0/204, test_ok:   0/52
Epoch:   22 Error:  26.99556, train_ok:   0/204, test_ok:   0/52
Epoch:   23 Error:  27.81989, train_ok:   0/204, test_ok:   0/52
Epoch:   24 Error:  27.22148, train_ok:   0/204, test_ok:   0/52
Epoch:   25 Error:  25.49536, train_ok:   0/204, test_ok:   0/52
Epoch:   26 Error:  25.50014, train_ok:   0/204, test_ok:   0/52
Epoch:   27 Error:  25.60583, train_ok:   0/204, test_ok:   0/52
Epoch:   28 Error:  25.62266, train_ok:   0/204, test_ok:   0/52
Epoch:   29 Error:  25.62307, train_ok:   0/204, test_ok:   0/52
Epoch:   30 Error:  25.72354, train_ok:   0/204, test_ok:   0/52
Epoch:   31 Error:  26.16550, train_ok:   0/204, test_ok:   0/52
Epoch:   32 Error:  25.86382, train_ok:   0/204, test_ok:   0/52
Epoch:   33 Error:  26.74079, train_ok:   0/204, test_ok:   0/52
Epoch:   34 Error:  25.77864, train_ok:   0/204, test_ok:   0/52
Epoch:   35 Error:  25.48948, train_ok:   0/204, test_ok:   0/52
Epoch:   36 Error:  25.58434, train_ok:   0/204, test_ok:   0/52
Epoch:   37 Error:  26.76313, train_ok:   0/204, test_ok:   0/52
Epoch:   38 Error:  25.56869, train_ok:   0/204, test_ok:   0/52
Epoch:   39 Error:  25.52075, train_ok:   0/204, test_ok:   0/52
Epoch:   40 Error:  25.65233, train_ok:   0/204, test_ok:   0/52
Epoch:   41 Error:  27.29916, train_ok:   0/204, test_ok:   0/52
Epoch:   42 Error:  25.49441, train_ok:   0/204, test_ok:   0/52
Epoch:   43 Error:  27.72417, train_ok:   0/204, test_ok:   0/52
Epoch:   44 Error:  26.92568, train_ok:   0/204, test_ok:   0/52
Epoch:   45 Error:  25.93798, train_ok:   0/204, test_ok:   0/52
Epoch:   46 Error:  25.98142, train_ok:   0/204, test_ok:   0/52
Epoch:   47 Error:  26.99142, train_ok:   0/204, test_ok:   0/52
Epoch:   48 Error:  26.92724, train_ok:   0/204, test_ok:   0/52
Epoch:   49 Error:  27.32870, train_ok:   0/204, test_ok:   0/52
Epoch:   50 Error:  25.81178, train_ok:   0/204, test_ok:   0/52
Epoch:   51 Error:  25.49857, train_ok:   0/204, test_ok:   0/52
Epoch:   52 Error:  26.46234, train_ok:   0/204, test_ok:   0/52
Epoch:   53 Error:  25.64613, train_ok:   0/204, test_ok:   0/52
Epoch:   54 Error:  28.04010, train_ok:   0/204, test_ok:   0/52
Epoch:   55 Error:  25.62752, train_ok:   0/204, test_ok:   0/52
Epoch:   56 Error:  25.50425, train_ok:   0/204, test_ok:   0/52
Epoch:   57 Error:  25.62163, train_ok:   0/204, test_ok:   0/52
Epoch:   58 Error:  26.00650, train_ok:   0/204, test_ok:   0/52
Epoch:   59 Error:  25.58000, train_ok:   0/204, test_ok:   0/52
Epoch:   60 Error:  26.52971, train_ok:   0/204, test_ok:   0/52
Epoch:   61 Error:  26.19761, train_ok:   0/204, test_ok:   0/52
Epoch:   62 Error:  29.62538, train_ok:   0/204, test_ok:   0/52
Epoch:   63 Error:  25.52119, train_ok:   0/204, test_ok:   0/52
Epoch:   64 Error:  26.07319, train_ok:   0/204, test_ok:   0/52
Epoch:   65 Error:  25.70388, train_ok:   0/204, test_ok:   0/52
Epoch:   66 Error:  25.54617, train_ok:   0/204, test_ok:   0/52
Epoch:   67 Error:  25.50171, train_ok:   0/204, test_ok:   0/52
Epoch:   68 Error:  25.81029, train_ok:   0/204, test_ok:   0/52
Epoch:   69 Error:  25.87108, train_ok:   0/204, test_ok:   0/52
Epoch:   70 Error:  25.71746, train_ok:   0/204, test_ok:   0/52
Epoch:   71 Error:  25.48946, train_ok:   0/204, test_ok:   0/52
Epoch:   72 Error:  26.56608, train_ok:   0/204, test_ok:   0/52
Epoch:   73 Error:  25.55168, train_ok:   0/204, test_ok:   0/52
Epoch:   74 Error:  25.87508, train_ok:   0/204, test_ok:   0/52
Epoch:   75 Error:  26.25518, train_ok:   0/204, test_ok:   0/52
Epoch:   76 Error:  25.87395, train_ok:   0/204, test_ok:   0/52
Epoch:   77 Error:  26.34291, train_ok:   0/204, test_ok:   0/52
Epoch:   78 Error:  25.72192, train_ok:   0/204, test_ok:   0/52
Epoch:   79 Error:  25.50762, train_ok:   0/204, test_ok:   0/52
Epoch:   80 Error:  25.59476, train_ok:   0/204, test_ok:   0/52
Epoch:   81 Error:  25.48748, train_ok:   0/204, test_ok:   0/52
Epoch:   82 Error:  25.49065, train_ok:   0/204, test_ok:   0/52
Epoch:   83 Error:  26.83806, train_ok:   0/204, test_ok:   0/52
Epoch:   84 Error:  30.34671, train_ok:   0/204, test_ok:   0/52
Epoch:   85 Error:  25.54428, train_ok:   0/204, test_ok:   0/52
Epoch:   86 Error:  26.31087, train_ok:   0/204, test_ok:   0/52
Epoch:   87 Error:  27.26203, train_ok:   0/204, test_ok:   0/52
Epoch:   88 Error:  25.57530, train_ok:   0/204, test_ok:   0/52
Epoch:   89 Error:  26.04868, train_ok:   0/204, test_ok:   0/52
Epoch:   90 Error:  25.84544, train_ok:   0/204, test_ok:   0/52
Epoch:   91 Error:  25.55900, train_ok:   0/204, test_ok:   0/52
Epoch:   92 Error:  27.34274, train_ok:   0/204, test_ok:   0/52
Epoch:   93 Error:  26.17278, train_ok:   0/204, test_ok:   0/52
Epoch:   94 Error:  25.74489, train_ok:   0/204, test_ok:   0/52
Epoch:   95 Error:  25.87031, train_ok:   0/204, test_ok:   0/52
Epoch:   96 Error:  26.46642, train_ok:   0/204, test_ok:   0/52
Epoch:   97 Error:  25.90952, train_ok:   0/204, test_ok:   0/52
Epoch:   98 Error:  25.80845, train_ok:   0/204, test_ok:   0/52
Epoch:   99 Error:  27.55597, train_ok:   0/204, test_ok:   0/52
Epoch:  100 Error:  26.03384, train_ok:   0/204, test_ok:   0/52
Epoch:  101 Error:  25.51870, train_ok:   0/204, test_ok:   0/52
Epoch:  102 Error:  25.48500, train_ok:   0/204, test_ok:   0/52
Epoch:  103 Error:  25.74835, train_ok:   0/204, test_ok:   0/52
Epoch:  104 Error:  25.72169, train_ok:   0/204, test_ok:   0/52
Epoch:  105 Error:  25.82136, train_ok:   0/204, test_ok:   0/52
Epoch:  106 Error:  26.79819, train_ok:   0/204, test_ok:   0/52
Epoch:  107 Error:  26.25659, train_ok:   0/204, test_ok:   0/52
Epoch:  108 Error:  25.56952, train_ok:   0/204, test_ok:   0/52
Epoch:  109 Error:  26.28141, train_ok:   0/204, test_ok:   0/52
Epoch:  110 Error:  26.57346, train_ok:   0/204, test_ok:   0/52
Epoch:  111 Error:  25.48402, train_ok:   0/204, test_ok:   0/52
Epoch:  112 Error:  25.96958, train_ok:   0/204, test_ok:   0/52
Epoch:  113 Error:  25.44703, train_ok:   0/204, test_ok:   0/52
Epoch:  114 Error:  25.79580, train_ok:   0/204, test_ok:   0/52
Epoch:  115 Error:  27.29732, train_ok:   0/204, test_ok:   0/52
Epoch:  116 Error:  25.57101, train_ok:   0/204, test_ok:   0/52
Epoch:  117 Error:  27.00911, train_ok:   0/204, test_ok:   0/52
Epoch:  118 Error:  25.42285, train_ok:   0/204, test_ok:   0/52
Epoch:  119 Error:  26.15159, train_ok:   0/204, test_ok:   0/52
Epoch:  120 Error:  25.61835, train_ok:   0/204, test_ok:   0/52
Epoch:  121 Error:  25.68500, train_ok:   0/204, test_ok:   0/52
Epoch:  122 Error:  25.55973, train_ok:   0/204, test_ok:   0/52
Epoch:  123 Error:  25.40442, train_ok:   0/204, test_ok:   0/52
Epoch:  124 Error:  25.38644, train_ok:   0/204, test_ok:   0/52
Epoch:  125 Error:  25.37045, train_ok:   0/204, test_ok:   0/52
Epoch:  126 Error:  25.49053, train_ok:   0/204, test_ok:   0/52
Epoch:  127 Error:  25.39983, train_ok:   0/204, test_ok:   0/52
Epoch:  128 Error:  25.64902, train_ok:   0/204, test_ok:   0/52
Epoch:  129 Error:  26.53637, train_ok:   0/204, test_ok:   0/52
Epoch:  130 Error:  26.07871, train_ok:   0/204, test_ok:   0/52
Epoch:  131 Error:  25.32043, train_ok:   0/204, test_ok:   0/52
Epoch:  132 Error:  25.67900, train_ok:   0/204, test_ok:   0/52
Epoch:  133 Error:  25.22783, train_ok:   0/204, test_ok:   0/52
Epoch:  134 Error:  26.66747, train_ok:   0/204, test_ok:   0/52
Epoch:  135 Error:  26.59181, train_ok:   0/204, test_ok:   0/52
Epoch:  136 Error:  25.08872, train_ok:   0/204, test_ok:   0/52
Epoch:  137 Error:  26.45183, train_ok:   0/204, test_ok:   0/52
Epoch:  138 Error:  24.83948, train_ok:   0/204, test_ok:   0/52
Epoch:  139 Error:  25.05834, train_ok:   0/204, test_ok:   0/52
Epoch:  140 Error:  24.71245, train_ok:   1/204, test_ok:   0/52
Epoch:  141 Error:  24.57696, train_ok:   3/204, test_ok:   0/52
Epoch:  142 Error:  23.40681, train_ok:   0/204, test_ok:   0/52
Epoch:  143 Error:  22.84341, train_ok:   3/204, test_ok:   1/52
Epoch:  144 Error:  23.00216, train_ok:   0/204, test_ok:   0/52
Epoch:  145 Error:  22.80452, train_ok:   4/204, test_ok:   1/52
Epoch:  146 Error:  22.93362, train_ok:   0/204, test_ok:   0/52
Epoch:  147 Error:  22.50643, train_ok:   0/204, test_ok:   0/52
Epoch:  148 Error:  22.22371, train_ok:   4/204, test_ok:   1/52
Epoch:  149 Error:  22.61827, train_ok:   7/204, test_ok:   1/52
Epoch:  150 Error:  21.60336, train_ok:   0/204, test_ok:   0/52
Epoch:  151 Error:  21.12627, train_ok:   0/204, test_ok:   0/52
Epoch:  152 Error:  21.53886, train_ok:   0/204, test_ok:   0/52
Epoch:  153 Error:  21.13467, train_ok:   6/204, test_ok:   1/52
Epoch:  154 Error:  21.53827, train_ok:   1/204, test_ok:   0/52
Epoch:  155 Error:  20.78979, train_ok:  31/204, test_ok:   6/52
Epoch:  156 Error:  20.45449, train_ok:  33/204, test_ok:   7/52
Epoch:  157 Error:  20.47153, train_ok:  33/204, test_ok:  10/52
Epoch:  158 Error:  20.17929, train_ok:  33/204, test_ok:  10/52
Epoch:  159 Error:  20.08978, train_ok:  24/204, test_ok:   6/52
Epoch:  160 Error:  19.66877, train_ok:  31/204, test_ok:   9/52
Epoch:  161 Error:  19.64246, train_ok:  31/204, test_ok:   9/52
Epoch:  162 Error:  20.36510, train_ok:  41/204, test_ok:  12/52
Epoch:  163 Error:  19.59997, train_ok:  46/204, test_ok:  12/52
Epoch:  164 Error:  18.52105, train_ok:  19/204, test_ok:   5/52
Epoch:  165 Error:  17.72606, train_ok:  31/204, test_ok:   9/52
Epoch:  166 Error:  16.87615, train_ok:  33/204, test_ok:  10/52
Epoch:  167 Error:  17.73790, train_ok:  34/204, test_ok:  10/52
Epoch:  168 Error:  13.63564, train_ok:  30/204, test_ok:  10/52
Epoch:  169 Error:  12.58042, train_ok:  51/204, test_ok:  17/52
Epoch:  170 Error:  12.14585, train_ok:  46/204, test_ok:  16/52
Epoch:  171 Error:  11.87108, train_ok:  91/204, test_ok:  25/52
Epoch:  172 Error:  11.75725, train_ok:  97/204, test_ok:  27/52
Epoch:  173 Error:  11.49578, train_ok:  85/204, test_ok:  24/52
Epoch:  174 Error:  11.47165, train_ok:  94/204, test_ok:  23/52
Epoch:  175 Error:  15.60983, train_ok:  59/204, test_ok:  14/52
Epoch:  176 Error:  10.91055, train_ok:  94/204, test_ok:  25/52
Epoch:  177 Error:  11.00665, train_ok:  89/204, test_ok:  22/52
Epoch:  178 Error:  10.80089, train_ok:  97/204, test_ok:  25/52
Epoch:  179 Error:  11.85348, train_ok:  86/204, test_ok:  18/52
Epoch:  180 Error:  10.33698, train_ok: 102/204, test_ok:  23/52
Epoch:  181 Error:  11.33208, train_ok:  73/204, test_ok:  16/52
Epoch:  182 Error:  13.35288, train_ok:  65/204, test_ok:  13/52
Epoch:  183 Error:  21.36865, train_ok:  70/204, test_ok:  14/52
Epoch:  184 Error:  23.49035, train_ok:  15/204, test_ok:   3/52
Epoch:  185 Error:  22.51057, train_ok:  18/204, test_ok:   3/52
Epoch:  186 Error:  20.63406, train_ok:  36/204, test_ok:   7/52
Epoch:  187 Error:  19.38823, train_ok:  29/204, test_ok:   5/52
Epoch:  188 Error:  19.10540, train_ok:   9/204, test_ok:   1/52
Epoch:  189 Error:  18.38975, train_ok:  36/204, test_ok:   8/52
Epoch:  190 Error:  19.36413, train_ok:  23/204, test_ok:   5/52
Epoch:  191 Error:  25.03326, train_ok:  31/204, test_ok:   6/52
Epoch:  192 Error:  20.10486, train_ok:   4/204, test_ok:   0/52
Epoch:  193 Error:  23.69451, train_ok:  31/204, test_ok:   5/52
Epoch:  194 Error:  16.57086, train_ok:  10/204, test_ok:   1/52
Epoch:  195 Error:  14.50249, train_ok:  36/204, test_ok:   7/52
Epoch:  196 Error:  19.65425, train_ok: 101/204, test_ok:  28/52
Epoch:  197 Error:  12.69905, train_ok:  55/204, test_ok:  11/52
Epoch:  198 Error:   9.38849, train_ok:  43/204, test_ok:   9/52
Epoch:  199 Error:   5.57534, train_ok: 117/204, test_ok:  32/52
Epoch:  200 Error:   4.89758, train_ok: 129/204, test_ok:  35/52
Epoch:  201 Error:   4.43420, train_ok: 154/204, test_ok:  40/52
Epoch:  202 Error:   4.22342, train_ok: 148/204, test_ok:  39/52
Epoch:  203 Error:   3.70909, train_ok: 175/204, test_ok:  43/52
Epoch:  204 Error:   3.65870, train_ok: 145/204, test_ok:  35/52
Epoch:  205 Error:   3.87287, train_ok: 145/204, test_ok:  35/52
Epoch:  206 Error:   4.14928, train_ok: 148/204, test_ok:  41/52
Epoch:  207 Error:   3.74788, train_ok: 154/204, test_ok:  43/52
Epoch:  208 Error:   4.62282, train_ok: 147/204, test_ok:  41/52
Epoch:  209 Error:   4.26044, train_ok: 169/204, test_ok:  43/52
Epoch:  210 Error:   4.52952, train_ok: 129/204, test_ok:  37/52
Epoch:  211 Error:   4.64811, train_ok: 141/204, test_ok:  37/52
Epoch:  212 Error:   3.74927, train_ok: 165/204, test_ok:  42/52
Epoch:  213 Error:   4.14854, train_ok: 148/204, test_ok:  40/52
Epoch:  214 Error:   3.91474, train_ok: 153/204, test_ok:  38/52
Epoch:  215 Error:   4.65916, train_ok: 157/204, test_ok:  41/52
Epoch:  216 Error:   4.09385, train_ok: 166/204, test_ok:  42/52
Epoch:  217 Error:   3.63736, train_ok: 151/204, test_ok:  41/52
Epoch:  218 Error:   5.71132, train_ok: 141/204, test_ok:  34/52
Epoch:  219 Error:  16.06497, train_ok: 109/204, test_ok:  31/52
Epoch:  220 Error:   3.13713, train_ok: 150/204, test_ok:  39/52
Epoch:  221 Error:   2.97983, train_ok: 173/204, test_ok:  43/52
Epoch:  222 Error:   3.05206, train_ok: 174/204, test_ok:  43/52
Epoch:  223 Error:   3.10390, train_ok: 168/204, test_ok:  42/52
Epoch:  224 Error:   2.78332, train_ok: 171/204, test_ok:  43/52
Epoch:  225 Error:   2.81742, train_ok: 170/204, test_ok:  43/52
Epoch:  226 Error:   2.75764, train_ok: 168/204, test_ok:  43/52
Epoch:  227 Error:   2.72483, train_ok: 175/204, test_ok:  42/52
Epoch:  228 Error:   3.26242, train_ok: 159/204, test_ok:  40/52
Epoch:  229 Error:   2.65765, train_ok: 171/204, test_ok:  43/52
Epoch:  230 Error:   2.53039, train_ok: 173/204, test_ok:  42/52
Epoch:  231 Error:   5.85734, train_ok: 145/204, test_ok:  36/52
Epoch:  232 Error:   2.79916, train_ok: 168/204, test_ok:  43/52
Epoch:  233 Error:   3.02911, train_ok: 169/204, test_ok:  43/52
Epoch:  234 Error:   2.89023, train_ok: 172/204, test_ok:  42/52
Epoch:  235 Error:   3.85765, train_ok: 175/204, test_ok:  43/52
Epoch:  236 Error:   4.16852, train_ok: 159/204, test_ok:  38/52
Epoch:  237 Error:   2.95280, train_ok: 164/204, test_ok:  42/52
Epoch:  238 Error:   2.27639, train_ok: 176/204, test_ok:  44/52
Epoch:  239 Error:   2.01816, train_ok: 180/204, test_ok:  45/52
Epoch:  240 Error:   1.82159, train_ok: 182/204, test_ok:  45/52
Epoch:  241 Error:   1.68513, train_ok: 182/204, test_ok:  46/52
Epoch:  242 Error:   1.58484, train_ok: 183/204, test_ok:  45/52
Epoch:  243 Error:   1.48109, train_ok: 189/204, test_ok:  48/52
Epoch:  244 Error:   1.40006, train_ok: 189/204, test_ok:  47/52
Epoch:  245 Error:   1.57247, train_ok: 179/204, test_ok:  43/52
Epoch:  246 Error:   1.24426, train_ok: 187/204, test_ok:  46/52
Epoch:  247 Error:   1.19008, train_ok: 188/204, test_ok:  45/52
Epoch:  248 Error:   1.17170, train_ok: 184/204, test_ok:  45/52
Epoch:  249 Error:   1.21383, train_ok: 193/204, test_ok:  47/52
Epoch:  250 Error:   1.10764, train_ok: 185/204, test_ok:  45/52
Epoch:  251 Error:   1.07316, train_ok: 187/204, test_ok:  45/52
Epoch:  252 Error:   1.06068, train_ok: 186/204, test_ok:  45/52
Epoch:  253 Error:   1.07642, train_ok: 196/204, test_ok:  45/52
Epoch:  254 Error:   1.03871, train_ok: 188/204, test_ok:  46/52
Epoch:  255 Error:   1.01516, train_ok: 192/204, test_ok:  45/52
Epoch:  256 Error:   1.04318, train_ok: 186/204, test_ok:  44/52
Epoch:  257 Error:   0.97781, train_ok: 194/204, test_ok:  45/52
Epoch:  258 Error:   0.96230, train_ok: 195/204, test_ok:  45/52
Epoch:  259 Error:   0.93651, train_ok: 196/204, test_ok:  45/52
Epoch:  260 Error:   0.99444, train_ok: 192/204, test_ok:  44/52
Epoch:  261 Error:   0.92537, train_ok: 196/204, test_ok:  45/52
Epoch:  262 Error:   0.88936, train_ok: 197/204, test_ok:  46/52
Epoch:  263 Error:   0.83339, train_ok: 200/204, test_ok:  44/52
Epoch:  264 Error:   0.90055, train_ok: 195/204, test_ok:  47/52
Epoch:  265 Error:   0.82483, train_ok: 195/204, test_ok:  44/52
Epoch:  266 Error:   0.80783, train_ok: 196/204, test_ok:  44/52
Epoch:  267 Error:   0.76071, train_ok: 195/204, test_ok:  45/52
Epoch:  268 Error:   0.81906, train_ok: 194/204, test_ok:  42/52
Epoch:  269 Error:   0.86071, train_ok: 191/204, test_ok:  44/52
Epoch:  270 Error:   0.71051, train_ok: 192/204, test_ok:  44/52
Epoch:  271 Error:   5.48857, train_ok: 162/204, test_ok:  38/52
Epoch:  272 Error:  10.61016, train_ok: 166/204, test_ok:  39/52
Epoch:  273 Error:  10.29447, train_ok: 126/204, test_ok:  29/52
Epoch:  274 Error:   2.38154, train_ok: 166/204, test_ok:  34/52
Epoch:  275 Error:   1.65512, train_ok: 193/204, test_ok:  44/52
Epoch:  276 Error:   1.58069, train_ok: 193/204, test_ok:  46/52
Epoch:  277 Error:   1.42651, train_ok: 197/204, test_ok:  45/52
Epoch:  278 Error:   1.39716, train_ok: 191/204, test_ok:  46/52
Epoch:  279 Error:   1.76892, train_ok: 191/204, test_ok:  46/52
Epoch:  280 Error:   1.44437, train_ok: 187/204, test_ok:  45/52
Epoch:  281 Error:   1.36010, train_ok: 189/204, test_ok:  45/52
Epoch:  282 Error:   1.47909, train_ok: 187/204, test_ok:  44/52
Epoch:  283 Error:   1.55800, train_ok: 194/204, test_ok:  46/52
Epoch:  284 Error:   1.31259, train_ok: 191/204, test_ok:  45/52
Epoch:  285 Error:   1.23599, train_ok: 197/204, test_ok:  45/52
Epoch:  286 Error:   1.27544, train_ok: 194/204, test_ok:  45/52
Epoch:  287 Error:   3.54665, train_ok: 180/204, test_ok:  45/52
Epoch:  288 Error:   2.99606, train_ok: 190/204, test_ok:  43/52
Epoch:  289 Error:   0.82843, train_ok: 196/204, test_ok:  45/52
Epoch:  290 Error:   1.87772, train_ok: 197/204, test_ok:  44/52
Epoch:  291 Error:   0.71360, train_ok: 200/204, test_ok:  44/52
Epoch:  292 Error:   0.21415, train_ok: 201/204, test_ok:  45/52
Epoch:  293 Error:   1.49499, train_ok: 198/204, test_ok:  44/52
Epoch:  294 Error:   0.14374, train_ok: 202/204, test_ok:  46/52
Epoch:  295 Error:   0.27448, train_ok: 197/204, test_ok:  47/52
Epoch:  296 Error:   0.23346, train_ok: 197/204, test_ok:  47/52
Epoch:  297 Error:   0.16872, train_ok: 202/204, test_ok:  47/52
Epoch:  298 Error:   0.14262, train_ok: 202/204, test_ok:  46/52
Epoch:  299 Error:   0.10493, train_ok: 202/204, test_ok:  47/52
Epoch:  300 Error:   0.09604, train_ok: 202/204, test_ok:  47/52
