Epoch:    1 Error:  26.53808, train_ok:   0/204, test_ok:   0/52
Epoch:    2 Error:  27.47432, train_ok:   0/204, test_ok:   0/52
Epoch:    3 Error:  25.19545, train_ok:   0/204, test_ok:   0/52
Epoch:    4 Error:  26.36355, train_ok:   0/204, test_ok:   0/52
Epoch:    5 Error:  25.22280, train_ok:   0/204, test_ok:   0/52
Epoch:    6 Error:  25.08606, train_ok:   0/204, test_ok:   0/52
Epoch:    7 Error:  26.96912, train_ok:   0/204, test_ok:   0/52
Epoch:    8 Error:  24.97133, train_ok:   0/204, test_ok:   0/52
Epoch:    9 Error:  25.60235, train_ok:   0/204, test_ok:   0/52
Epoch:   10 Error:  25.49712, train_ok:   0/204, test_ok:   0/52
Epoch:   11 Error:  24.86329, train_ok:   0/204, test_ok:   0/52
Epoch:   12 Error:  24.88862, train_ok:   0/204, test_ok:   0/52
Epoch:   13 Error:  26.00673, train_ok:   0/204, test_ok:   0/52
Epoch:   14 Error:  25.25835, train_ok:   0/204, test_ok:   0/52
Epoch:   15 Error:  24.71064, train_ok:   0/204, test_ok:   0/52
Epoch:   16 Error:  24.69392, train_ok:   0/204, test_ok:   0/52
Epoch:   17 Error:  25.41514, train_ok:   0/204, test_ok:   0/52
Epoch:   18 Error:  24.64485, train_ok:   0/204, test_ok:   0/52
Epoch:   19 Error:  25.05381, train_ok:   0/204, test_ok:   0/52
Epoch:   20 Error:  24.67430, train_ok:   0/204, test_ok:   0/52
Epoch:   21 Error:  24.62626, train_ok:   0/204, test_ok:   0/52
Epoch:   22 Error:  25.22680, train_ok:   0/204, test_ok:   0/52
Epoch:   23 Error:  24.58105, train_ok:   0/204, test_ok:   0/52
Epoch:   24 Error:  25.06027, train_ok:   0/204, test_ok:   0/52
Epoch:   25 Error:  24.56815, train_ok:   0/204, test_ok:   0/52
Epoch:   26 Error:  25.73715, train_ok:   0/204, test_ok:   0/52
Epoch:   27 Error:  24.53019, train_ok:   0/204, test_ok:   0/52
Epoch:   28 Error:  24.51267, train_ok:   0/204, test_ok:   0/52
Epoch:   29 Error:  24.87393, train_ok:   0/204, test_ok:   0/52
Epoch:   30 Error:  25.15907, train_ok:   0/204, test_ok:   0/52
Epoch:   31 Error:  24.45880, train_ok:   0/204, test_ok:   0/52
Epoch:   32 Error:  24.97555, train_ok:   0/204, test_ok:   0/52
Epoch:   33 Error:  24.59966, train_ok:   0/204, test_ok:   0/52
Epoch:   34 Error:  24.56427, train_ok:   0/204, test_ok:   0/52
Epoch:   35 Error:  24.54379, train_ok:   0/204, test_ok:   0/52
Epoch:   36 Error:  24.69970, train_ok:   0/204, test_ok:   0/52
Epoch:   37 Error:  24.42279, train_ok:   0/204, test_ok:   0/52
Epoch:   38 Error:  25.33990, train_ok:   1/204, test_ok:   0/52
Epoch:   39 Error:  24.44164, train_ok:   0/204, test_ok:   0/52
Epoch:   40 Error:  24.39295, train_ok:   0/204, test_ok:   0/52
Epoch:   41 Error:  24.42073, train_ok:   0/204, test_ok:   0/52
Epoch:   42 Error:  26.04719, train_ok:   0/204, test_ok:   0/52
Epoch:   43 Error:  24.42025, train_ok:   0/204, test_ok:   0/52
Epoch:   44 Error:  26.93956, train_ok:   2/204, test_ok:   0/52
Epoch:   45 Error:  24.94090, train_ok:   0/204, test_ok:   0/52
Epoch:   46 Error:  24.64006, train_ok:   1/204, test_ok:   0/52
Epoch:   47 Error:  25.57312, train_ok:   0/204, test_ok:   0/52
Epoch:   48 Error:  24.32786, train_ok:   1/204, test_ok:   0/52
Epoch:   49 Error:  24.35531, train_ok:   0/204, test_ok:   0/52
Epoch:   50 Error:  24.33485, train_ok:   1/204, test_ok:   0/52
Epoch:   51 Error:  24.82188, train_ok:   1/204, test_ok:   0/52
Epoch:   52 Error:  24.49841, train_ok:   1/204, test_ok:   0/52
Epoch:   53 Error:  25.48712, train_ok:   1/204, test_ok:   0/52
Epoch:   54 Error:  25.31502, train_ok:   1/204, test_ok:   0/52
Epoch:   55 Error:  24.34444, train_ok:   1/204, test_ok:   0/52
Epoch:   56 Error:  24.79146, train_ok:   0/204, test_ok:   0/52
Epoch:   57 Error:  24.63289, train_ok:   1/204, test_ok:   0/52
Epoch:   58 Error:  24.82373, train_ok:   0/204, test_ok:   0/52
Epoch:   59 Error:  24.55608, train_ok:   0/204, test_ok:   0/52
Epoch:   60 Error:  24.47765, train_ok:   0/204, test_ok:   0/52
Epoch:   61 Error:  24.59498, train_ok:   0/204, test_ok:   0/52
Epoch:   62 Error:  26.90199, train_ok:   0/204, test_ok:   0/52
Epoch:   63 Error:  24.71813, train_ok:   1/204, test_ok:   0/52
Epoch:   64 Error:  24.99423, train_ok:   0/204, test_ok:   0/52
Epoch:   65 Error:  25.03794, train_ok:   1/204, test_ok:   0/52
Epoch:   66 Error:  24.37128, train_ok:   1/204, test_ok:   0/52
Epoch:   67 Error:  24.23447, train_ok:   1/204, test_ok:   0/52
Epoch:   68 Error:  24.20703, train_ok:   1/204, test_ok:   0/52
Epoch:   69 Error:  24.21450, train_ok:   1/204, test_ok:   0/52
Epoch:   70 Error:  24.71632, train_ok:   1/204, test_ok:   0/52
Epoch:   71 Error:  24.61725, train_ok:   1/204, test_ok:   0/52
Epoch:   72 Error:  24.18560, train_ok:   1/204, test_ok:   0/52
Epoch:   73 Error:  24.22657, train_ok:   1/204, test_ok:   0/52
Epoch:   74 Error:  25.09059, train_ok:   0/204, test_ok:   0/52
Epoch:   75 Error:  25.91799, train_ok:   3/204, test_ok:   0/52
Epoch:   76 Error:  24.60914, train_ok:   1/204, test_ok:   0/52
Epoch:   77 Error:  25.49331, train_ok:   3/204, test_ok:   0/52
Epoch:   78 Error:  24.76980, train_ok:   1/204, test_ok:   0/52
Epoch:   79 Error:  24.81685, train_ok:   2/204, test_ok:   0/52
Epoch:   80 Error:  24.15619, train_ok:   1/204, test_ok:   0/52
Epoch:   81 Error:  24.63877, train_ok:   1/204, test_ok:   0/52
Epoch:   82 Error:  24.65593, train_ok:   1/204, test_ok:   0/52
Epoch:   83 Error:  24.35741, train_ok:   1/204, test_ok:   0/52
Epoch:   84 Error:  24.12700, train_ok:   1/204, test_ok:   0/52
Epoch:   85 Error:  24.12436, train_ok:   1/204, test_ok:   0/52
Epoch:   86 Error:  24.15505, train_ok:   1/204, test_ok:   0/52
Epoch:   87 Error:  24.06352, train_ok:   1/204, test_ok:   0/52
Epoch:   88 Error:  24.22228, train_ok:   1/204, test_ok:   0/52
Epoch:   89 Error:  24.77444, train_ok:   1/204, test_ok:   0/52
Epoch:   90 Error:  24.04935, train_ok:   1/204, test_ok:   0/52
Epoch:   91 Error:  24.00364, train_ok:   1/204, test_ok:   0/52
Epoch:   92 Error:  24.01283, train_ok:   1/204, test_ok:   0/52
Epoch:   93 Error:  25.21571, train_ok:   1/204, test_ok:   0/52
Epoch:   94 Error:  23.97150, train_ok:   1/204, test_ok:   0/52
Epoch:   95 Error:  24.37980, train_ok:   3/204, test_ok:   0/52
Epoch:   96 Error:  26.39892, train_ok:   1/204, test_ok:   0/52
Epoch:   97 Error:  24.62101, train_ok:   1/204, test_ok:   0/52
Epoch:   98 Error:  24.82661, train_ok:   4/204, test_ok:   0/52
Epoch:   99 Error:  23.86972, train_ok:   1/204, test_ok:   0/52
Epoch:  100 Error:  23.96124, train_ok:   1/204, test_ok:   0/52
Epoch:  101 Error:  23.82510, train_ok:   1/204, test_ok:   0/52
Epoch:  102 Error:  23.90035, train_ok:   2/204, test_ok:   0/52
Epoch:  103 Error:  24.49306, train_ok:   4/204, test_ok:   0/52
Epoch:  104 Error:  23.75473, train_ok:   1/204, test_ok:   0/52
Epoch:  105 Error:  24.19600, train_ok:   1/204, test_ok:   0/52
Epoch:  106 Error:  23.90748, train_ok:   1/204, test_ok:   0/52
Epoch:  107 Error:  24.71963, train_ok:   1/204, test_ok:   0/52
Epoch:  108 Error:  23.64964, train_ok:   1/204, test_ok:   0/52
Epoch:  109 Error:  23.90473, train_ok:   1/204, test_ok:   0/52
Epoch:  110 Error:  23.82845, train_ok:   1/204, test_ok:   0/52
Epoch:  111 Error:  24.01456, train_ok:   1/204, test_ok:   0/52
Epoch:  112 Error:  23.97519, train_ok:   4/204, test_ok:   0/52
Epoch:  113 Error:  23.57170, train_ok:   3/204, test_ok:   0/52
Epoch:  114 Error:  23.67151, train_ok:   3/204, test_ok:   0/52
Epoch:  115 Error:  23.53727, train_ok:   1/204, test_ok:   0/52
Epoch:  116 Error:  23.30284, train_ok:   2/204, test_ok:   0/52
Epoch:  117 Error:  24.44540, train_ok:  12/204, test_ok:   0/52
Epoch:  118 Error:  23.17477, train_ok:   1/204, test_ok:   0/52
Epoch:  119 Error:  23.29676, train_ok:   1/204, test_ok:   0/52
Epoch:  120 Error:  23.05513, train_ok:   2/204, test_ok:   0/52
Epoch:  121 Error:  23.54424, train_ok:   8/204, test_ok:   0/52
Epoch:  122 Error:  22.92109, train_ok:   4/204, test_ok:   0/52
Epoch:  123 Error:  22.91498, train_ok:   6/204, test_ok:   0/52
Epoch:  124 Error:  24.53126, train_ok:   3/204, test_ok:   0/52
Epoch:  125 Error:  22.79555, train_ok:   8/204, test_ok:   0/52
Epoch:  126 Error:  23.23969, train_ok:   9/204, test_ok:   0/52
Epoch:  127 Error:  22.83202, train_ok:  14/204, test_ok:   0/52
Epoch:  128 Error:  23.24948, train_ok:   8/204, test_ok:   0/52
Epoch:  129 Error:  22.65069, train_ok:   5/204, test_ok:   0/52
Epoch:  130 Error:  22.52099, train_ok:   6/204, test_ok:   0/52
Epoch:  131 Error:  24.09061, train_ok:  15/204, test_ok:   0/52
Epoch:  132 Error:  22.81297, train_ok:   6/204, test_ok:   0/52
Epoch:  133 Error:  23.56557, train_ok:  15/204, test_ok:   0/52
Epoch:  134 Error:  22.51056, train_ok:   8/204, test_ok:   0/52
Epoch:  135 Error:  22.33305, train_ok:   9/204, test_ok:   0/52
Epoch:  136 Error:  22.28764, train_ok:  11/204, test_ok:   0/52
Epoch:  137 Error:  22.29630, train_ok:  11/204, test_ok:   0/52
Epoch:  138 Error:  22.30501, train_ok:  11/204, test_ok:   0/52
Epoch:  139 Error:  23.73253, train_ok:   4/204, test_ok:   0/52
Epoch:  140 Error:  22.24761, train_ok:  12/204, test_ok:   0/52
Epoch:  141 Error:  22.23080, train_ok:  11/204, test_ok:   0/52
Epoch:  142 Error:  22.07361, train_ok:  11/204, test_ok:   0/52
Epoch:  143 Error:  22.18456, train_ok:  14/204, test_ok:   0/52
Epoch:  144 Error:  22.23236, train_ok:  16/204, test_ok:   0/52
Epoch:  145 Error:  22.36028, train_ok:   9/204, test_ok:   0/52
Epoch:  146 Error:  23.11317, train_ok:  25/204, test_ok:   1/52
Epoch:  147 Error:  22.56341, train_ok:  11/204, test_ok:   0/52
Epoch:  148 Error:  22.04663, train_ok:  15/204, test_ok:   0/52
Epoch:  149 Error:  21.95842, train_ok:  12/204, test_ok:   0/52
Epoch:  150 Error:  24.01780, train_ok:  26/204, test_ok:   3/52
Epoch:  151 Error:  22.62262, train_ok:  10/204, test_ok:   0/52
Epoch:  152 Error:  21.90297, train_ok:  18/204, test_ok:   1/52
Epoch:  153 Error:  23.84908, train_ok:  12/204, test_ok:   0/52
Epoch:  154 Error:  21.91905, train_ok:  18/204, test_ok:   1/52
Epoch:  155 Error:  22.75549, train_ok:  18/204, test_ok:   1/52
Epoch:  156 Error:  21.90668, train_ok:  19/204, test_ok:   1/52
Epoch:  157 Error:  22.21255, train_ok:  24/204, test_ok:   1/52
Epoch:  158 Error:  22.82615, train_ok:  25/204, test_ok:   1/52
Epoch:  159 Error:  21.82036, train_ok:  23/204, test_ok:   1/52
Epoch:  160 Error:  21.63230, train_ok:  24/204, test_ok:   1/52
Epoch:  161 Error:  21.87164, train_ok:  25/204, test_ok:   1/52
Epoch:  162 Error:  21.40385, train_ok:  19/204, test_ok:   1/52
Epoch:  163 Error:  23.36180, train_ok:  10/204, test_ok:   1/52
Epoch:  164 Error:  22.34950, train_ok:  12/204, test_ok:   1/52
Epoch:  165 Error:  21.09419, train_ok:  12/204, test_ok:   1/52
Epoch:  166 Error:  20.77155, train_ok:  25/204, test_ok:   1/52
Epoch:  167 Error:  20.51571, train_ok:  23/204, test_ok:   1/52
Epoch:  168 Error:  23.10102, train_ok:  32/204, test_ok:   3/52
Epoch:  169 Error:  20.54074, train_ok:  15/204, test_ok:   1/52
Epoch:  170 Error:  20.57346, train_ok:  26/204, test_ok:   1/52
Epoch:  171 Error:  20.17697, train_ok:  18/204, test_ok:   1/52
Epoch:  172 Error:  19.91025, train_ok:  17/204, test_ok:   1/52
Epoch:  173 Error:  19.75610, train_ok:  18/204, test_ok:   1/52
Epoch:  174 Error:  19.68074, train_ok:  27/204, test_ok:   1/52
Epoch:  175 Error:  19.65260, train_ok:  29/204, test_ok:   1/52
Epoch:  176 Error:  20.51543, train_ok:  31/204, test_ok:   4/52
Epoch:  177 Error:  19.27572, train_ok:  22/204, test_ok:   1/52
Epoch:  178 Error:  19.28837, train_ok:  19/204, test_ok:   1/52
Epoch:  179 Error:  19.63063, train_ok:  12/204, test_ok:   1/52
Epoch:  180 Error:  19.24113, train_ok:  36/204, test_ok:   3/52
Epoch:  181 Error:  18.91416, train_ok:  19/204, test_ok:   1/52
Epoch:  182 Error:  19.42805, train_ok:  35/204, test_ok:   2/52
Epoch:  183 Error:  18.77374, train_ok:  29/204, test_ok:   1/52
Epoch:  184 Error:  18.54790, train_ok:  32/204, test_ok:   1/52
Epoch:  185 Error:  18.47681, train_ok:  20/204, test_ok:   1/52
Epoch:  186 Error:  18.61071, train_ok:  37/204, test_ok:   4/52
Epoch:  187 Error:  18.46896, train_ok:  36/204, test_ok:   4/52
Epoch:  188 Error:  18.92591, train_ok:  38/204, test_ok:   5/52
Epoch:  189 Error:  18.19682, train_ok:  33/204, test_ok:   1/52
Epoch:  190 Error:  19.22456, train_ok:  18/204, test_ok:   1/52
Epoch:  191 Error:  19.03294, train_ok:  39/204, test_ok:   6/52
Epoch:  192 Error:  18.46553, train_ok:  23/204, test_ok:   1/52
Epoch:  193 Error:  17.97433, train_ok:  27/204, test_ok:   1/52
Epoch:  194 Error:  18.87298, train_ok:  43/204, test_ok:   7/52
Epoch:  195 Error:  18.04186, train_ok:  40/204, test_ok:   6/52
Epoch:  196 Error:  17.88146, train_ok:  43/204, test_ok:   6/52
Epoch:  197 Error:  17.79345, train_ok:  32/204, test_ok:   1/52
Epoch:  198 Error:  17.62089, train_ok:  34/204, test_ok:   4/52
Epoch:  199 Error:  18.11807, train_ok:  45/204, test_ok:   6/52
Epoch:  200 Error:  17.39586, train_ok:  34/204, test_ok:   4/52
Epoch:  201 Error:  17.76943, train_ok:  28/204, test_ok:   1/52
Epoch:  202 Error:  18.28478, train_ok:  23/204, test_ok:   1/52
Epoch:  203 Error:  17.03729, train_ok:  36/204, test_ok:   5/52
Epoch:  204 Error:  17.05606, train_ok:  38/204, test_ok:   5/52
Epoch:  205 Error:  16.82356, train_ok:  45/204, test_ok:   6/52
Epoch:  206 Error:  16.52699, train_ok:  34/204, test_ok:   3/52
Epoch:  207 Error:  16.45217, train_ok:  45/204, test_ok:   6/52
Epoch:  208 Error:  16.35242, train_ok:  45/204, test_ok:   6/52
Epoch:  209 Error:  16.08146, train_ok:  45/204, test_ok:   6/52
Epoch:  210 Error:  16.26113, train_ok:  44/204, test_ok:   6/52
Epoch:  211 Error:  15.88741, train_ok:  45/204, test_ok:   6/52
Epoch:  212 Error:  15.89301, train_ok:  46/204, test_ok:   6/52
Epoch:  213 Error:  15.51560, train_ok:  38/204, test_ok:   6/52
Epoch:  214 Error:  15.43275, train_ok:  43/204, test_ok:   6/52
Epoch:  215 Error:  15.40166, train_ok:  38/204, test_ok:   5/52
Epoch:  216 Error:  15.25823, train_ok:  45/204, test_ok:   6/52
Epoch:  217 Error:  15.06375, train_ok:  42/204, test_ok:   6/52
Epoch:  218 Error:  15.17184, train_ok:  31/204, test_ok:   4/52
Epoch:  219 Error:  14.74310, train_ok:  43/204, test_ok:   6/52
Epoch:  220 Error:  14.61512, train_ok:  41/204, test_ok:   6/52
Epoch:  221 Error:  14.77052, train_ok:  49/204, test_ok:   6/52
Epoch:  222 Error:  14.46669, train_ok:  48/204, test_ok:   6/52
Epoch:  223 Error:  14.38114, train_ok:  40/204, test_ok:   6/52
Epoch:  224 Error:  14.37350, train_ok:  46/204, test_ok:   6/52
Epoch:  225 Error:  14.32037, train_ok:  45/204, test_ok:   7/52
Epoch:  226 Error:  14.21596, train_ok:  47/204, test_ok:   7/52
Epoch:  227 Error:  14.30842, train_ok:  49/204, test_ok:   7/52
Epoch:  228 Error:  14.43343, train_ok:  48/204, test_ok:   8/52
Epoch:  229 Error:  14.30766, train_ok:  51/204, test_ok:   7/52
Epoch:  230 Error:  14.26958, train_ok:  47/204, test_ok:   8/52
Epoch:  231 Error:  14.35022, train_ok:  53/204, test_ok:   8/52
Epoch:  232 Error:  14.66092, train_ok:  57/204, test_ok:   7/52
Epoch:  233 Error:  15.23695, train_ok:  47/204, test_ok:   6/52
Epoch:  234 Error:  15.23626, train_ok:  43/204, test_ok:   4/52
Epoch:  235 Error:  15.23322, train_ok:  46/204, test_ok:   5/52
Epoch:  236 Error:  15.76819, train_ok:  55/204, test_ok:   6/52
Epoch:  237 Error:  16.01279, train_ok:  59/204, test_ok:   7/52
Epoch:  238 Error:  15.47400, train_ok:  51/204, test_ok:   5/52
Epoch:  239 Error:  15.41903, train_ok:  53/204, test_ok:   4/52
Epoch:  240 Error:  15.80057, train_ok:  53/204, test_ok:   5/52
Epoch:  241 Error:  15.78321, train_ok:  53/204, test_ok:   5/52
Epoch:  242 Error:  15.51133, train_ok:  56/204, test_ok:   7/52
Epoch:  243 Error:  15.86004, train_ok:  57/204, test_ok:   5/52
Epoch:  244 Error:  18.74578, train_ok:  70/204, test_ok:   6/52
Epoch:  245 Error:  16.63909, train_ok:  71/204, test_ok:   8/52
Epoch:  246 Error:  15.45233, train_ok:  69/204, test_ok:   7/52
Epoch:  247 Error:  15.54234, train_ok:  67/204, test_ok:   6/52
Epoch:  248 Error:  15.66580, train_ok:  65/204, test_ok:   6/52
Epoch:  249 Error:  15.38893, train_ok:  63/204, test_ok:   7/52
Epoch:  250 Error:  15.42416, train_ok:  60/204, test_ok:   7/52
Epoch:  251 Error:  17.35963, train_ok:  66/204, test_ok:   7/52
Epoch:  252 Error:  15.46126, train_ok:  61/204, test_ok:   7/52
Epoc